<?xml version="1.0" encoding="utf-8"?><testsuites name="pytest tests"><testsuite name="pytest" errors="0" failures="0" skipped="0" tests="8" time="1.762" timestamp="2026-04-21T18:38:22.531781+00:00" hostname="agent-env-6ffff45d-2fd6-49e4-ab1f-a96c1162084b"><testcase classname="backend.tests.test_api" name="test_root" time="0.285" /><testcase classname="backend.tests.test_api" name="test_create_lead_success_and_persist" time="0.341" /><testcase classname="backend.tests.test_api" name="test_create_lead_missing_first_name_returns_422_or_400" time="0.157" /><testcase classname="backend.tests.test_api" name="test_create_lead_empty_phone_returns_400" time="0.108" /><testcase classname="backend.tests.test_api" name="test_list_leads" time="0.170" /><testcase classname="backend.tests.test_api" name="test_create_booking_success_and_persist" time="0.253" /><testcase classname="backend.tests.test_api" name="test_create_booking_missing_phone_returns_422" time="0.110" /><testcase classname="backend.tests.test_api" name="test_list_bookings" time="0.115" /></testsuite></testsuites>